[17:25:19] Study with friend
[17:25:19] Robots 1, 3 assigned to 'small table' task
[17:25:19] Robots 2, 4 assigned to 'chair' task
[17:28:59] Study with friend
[17:28:59] Robots 1, 2 assigned to 'small table' task
[17:28:59] Robots 3, 4 assigned to 'chair' task
[17:29:29] Study with friend
[17:29:29] Robots 1, 4 assigned to 'small table' task
[17:29:29] Robots 2, 3 assigned to 'chair' task
[17:29:54] Study with friend
[17:29:54] Robots 1, 3 assigned to 'small table' task
[17:29:54] Robots 2, 4 assigned to 'chair' task
[17:40:02] Study with friend
[17:40:02] Robots 1, 3 assigned to 'small table' task
[17:40:02] Robots 2, 4 assigned to 'chair' task
[17:49:27] Quit System Manager
[17:50:18] Study with friend
[17:50:18] Robots 1, 2 assigned to 'chair' task
[17:50:18] Robots 3, 4 assigned to 'small table' task
[17:50:29] Study alone
[17:50:29] Robot 2 assigned to 'chair' task
[17:50:29] Robot 3 assigned to 'big table' task
[17:50:40] Study alone
[17:50:40] Robot 1 assigned to 'chair' task
[17:50:40] Robot 4 assigned to 'big table' task
[17:52:55] Study with friend
[17:52:55] Robots 1, 2 assigned to 'chair' task
[17:52:55] Robots 3, 4 assigned to 'small table' task
[17:53:03] Study alone
[17:53:03] Robot 3 assigned to 'chair' task
[17:53:03] Robot 4 assigned to 'big table' task
[17:53:06] Study alone
[17:53:06] Robot 2 assigned to 'chair' task
[17:53:06] Robot 3 assigned to 'big table' task
[17:53:07] Study alone
[17:53:07] Robot 2 assigned to 'chair' task
[17:53:07] Robot 4 assigned to 'big table' task
[17:53:09] Study alone
[17:53:09] Robot 3 assigned to 'chair' task
[17:53:09] Robot 4 assigned to 'big table' task
[17:53:10] Study alone
[17:53:10] Robot 3 assigned to 'big table' task
[17:53:10] Robot 4 assigned to 'chair' task
[17:53:13] Study alone
[17:53:13] Robot 2 assigned to 'chair' task
[17:53:13] Robot 4 assigned to 'big table' task
[17:53:14] Study alone
[17:53:14] Robot 1 assigned to 'big table' task
[17:53:14] Robot 3 assigned to 'chair' task
[17:53:24] Talk with friend
[17:53:24] Robots 1, 2 assigned to 'chair' task
[17:53:24] Robot 3 assigned to 'big table' task
